#
# There is insufficient memory for the Java Runtime Environment to continue.
# Native memory allocation (malloc) failed to allocate 32744 bytes for ChunkPool::allocate
# Possible reasons:
#   The system is out of physical RAM or swap space
#   In 32 bit mode, the process size limit was hit
# Possible solutions:
#   Reduce memory load on the system
#   Increase physical memory or swap space
#   Check if swap backing store is full
#   Use 64 bit Java on a 64 bit OS
#   Decrease Java heap size (-Xmx/-Xms)
#   Decrease number of Java threads
#   Decrease Java thread stack sizes (-Xss)
#   Set larger code cache with -XX:ReservedCodeCacheSize=
# This output file may be truncated or incomplete.
#
#  Out of Memory Error (allocation.cpp:273), pid=74992, tid=0x00000000000134fc
#
# JRE version: OpenJDK Runtime Environment (8.0_152-b02) (build 1.8.0_152-release-1024-b02)
# Java VM: OpenJDK 64-Bit Server VM (25.152-b02 mixed mode windows-amd64 compressed oops)
# Failed to write core dump. Minidumps are not enabled by default on client versions of Windows
#

---------------  T H R E A D  ---------------

Current thread (0x0000000015892800):  JavaThread "C2 CompilerThread2" daemon [_thread_in_native, id=79100, stack(0x0000000016160000,0x0000000016260000)]

Stack: [0x0000000016160000,0x0000000016260000]
[error occurred during error reporting (printing stack bounds), id 0xc0000005]

Native frames: (J=compiled Java code, j=interpreted, Vv=VM code, C=native code)


Current CompileTask:
C2:   7517 1085       4       org.objectweb.asm.MethodVisitor::visitLocalVariable (24 bytes)


---------------  P R O C E S S  ---------------

Java Threads: ( => current thread )
  0x000000001589d800 JavaThread "Service Thread" daemon [_thread_blocked, id=79232, stack(0x0000000016360000,0x0000000016460000)]
  0x0000000015897800 JavaThread "C1 CompilerThread3" daemon [_thread_blocked, id=79108, stack(0x0000000016260000,0x0000000016360000)]
=>0x0000000015892800 JavaThread "C2 CompilerThread2" daemon [_thread_in_native, id=79100, stack(0x0000000016160000,0x0000000016260000)]
  0x0000000015890000 JavaThread "C2 CompilerThread1" daemon [_thread_in_native, id=79092, stack(0x0000000016060000,0x0000000016160000)]
  0x000000001588d000 JavaThread "C2 CompilerThread0" daemon [_thread_in_native, id=79088, stack(0x0000000015f60000,0x0000000016060000)]
  0x000000001588c800 JavaThread "Attach Listener" daemon [_thread_blocked, id=79080, stack(0x0000000015e60000,0x0000000015f60000)]
  0x0000000015838800 JavaThread "Signal Dispatcher" daemon [_thread_blocked, id=79076, stack(0x0000000015d60000,0x0000000015e60000)]
  0x000000000316e000 JavaThread "Finalizer" daemon [_thread_blocked, id=79052, stack(0x0000000015c00000,0x0000000015d00000)]
  0x000000001391b000 JavaThread "Reference Handler" daemon [_thread_blocked, id=79036, stack(0x0000000015700000,0x0000000015800000)]
  0x0000000000f2d800 JavaThread "main" [_thread_in_Java, id=76416, stack(0x0000000001490000,0x0000000001590000)]

Other Threads:
  0x0000000013915800 VMThread [stack: 0x0000000015600000,0x0000000015700000] [id=78996]
  0x000000001589e800 WatcherThread [stack: 0x0000000016460000,0x0000000016560000] [id=79236]

VM state:not at safepoint (normal execution)

VM Mutex/Monitor currently owned by a thread: None

Heap:
 PSYoungGen      total 18944K, used 4506K [0x00000000feb00000, 0x0000000100000000, 0x0000000100000000)
  eden space 16384K, 12% used [0x00000000feb00000,0x00000000fecedb40,0x00000000ffb00000)
  from space 2560K, 98% used [0x00000000ffb00000,0x00000000ffd78eb0,0x00000000ffd80000)
  to   space 2560K, 0% used [0x00000000ffd80000,0x00000000ffd80000,0x0000000100000000)
 ParOldGen       total 44032K, used 7424K [0x00000000fc000000, 0x00000000feb00000, 0x00000000feb00000)
  object space 44032K, 16% used [0x00000000fc000000,0x00000000fc740110,0x00000000feb00000)
 Metaspace       used 8271K, capacity 8512K, committed 8832K, reserved 1056768K
  class space    used 944K, capacity 1032K, committed 1152K, reserved 1048576K

Card table byte_map: [0x0000000000f90000,0x0000000000fc0000] byte_map_base: 0x00000000007b0000

Marking Bits: (ParMarkBitMap*) 0x00000000527b4970
 Begin Bits: [0x0000000012d30000, 0x0000000012e30000)
 End Bits:   [0x0000000012e30000, 0x0000000012f30000)

Polling page: 0x0000000000f00000

CodeCache: size=245760Kb used=4241Kb max_used=4241Kb free=241518Kb
 bounds [0x0000000003170000, 0x00000000035a0000, 0x0000000012170000]
 total_blobs=1423 nmethods=1089 adapters=249
 compilation: enabled

Compilation events (10 events):
Event: 7.484 Thread 0x0000000015897800 1087       3       java.util.zip.ZipFile$ZipFileInflaterInputStream::finalize (5 bytes)
Event: 7.484 Thread 0x0000000015897800 nmethod 1087 0x000000000358fdd0 code [0x000000000358ff40, 0x00000000035900e8]
Event: 7.486 Thread 0x0000000015897800 1088       3       org.objectweb.asm.MethodVisitor::visitIincInsn (17 bytes)
Event: 7.487 Thread 0x0000000015897800 nmethod 1088 0x000000000358f910 code [0x000000000358fa80, 0x000000000358fce8]
Event: 7.489 Thread 0x0000000015890000 1089       4       com.google.devtools.build.android.desugar.BitFlags::isSet (13 bytes)
Event: 7.490 Thread 0x0000000015890000 nmethod 1089 0x00000000034e4c10 code [0x00000000034e4d40, 0x00000000034e4d98]
Event: 7.490 Thread 0x0000000015890000 1090       4       org.objectweb.asm.MethodWriter::visitLabel (321 bytes)
Event: 7.504 Thread 0x0000000015890000 nmethod 1090 0x000000000358ed50 code [0x000000000358eec0, 0x000000000358f458]
Event: 7.504 Thread 0x0000000015890000 1091       4       org.objectweb.asm.MethodVisitor::visitLabel (16 bytes)
Event: 7.509 Thread 0x0000000015897800 1093       3       org.objectweb.asm.ClassReader::a (1227 bytes)

GC Heap History (6 events):
Event: 1.807 GC heap before
{Heap before GC invocations=1 (full 0):
 PSYoungGen      total 18944K, used 16384K [0x00000000feb00000, 0x0000000100000000, 0x0000000100000000)
  eden space 16384K, 100% used [0x00000000feb00000,0x00000000ffb00000,0x00000000ffb00000)
  from space 2560K, 0% used [0x00000000ffd80000,0x00000000ffd80000,0x0000000100000000)
  to   space 2560K, 0% used [0x00000000ffb00000,0x00000000ffb00000,0x00000000ffd80000)
 ParOldGen       total 44032K, used 0K [0x00000000fc000000, 0x00000000feb00000, 0x00000000feb00000)
  object space 44032K, 0% used [0x00000000fc000000,0x00000000fc000000,0x00000000feb00000)
 Metaspace       used 6635K, capacity 6810K, committed 7040K, reserved 1056768K
  class space    used 773K, capacity 823K, committed 896K, reserved 1048576K
Event: 1.864 GC heap after
Heap after GC invocations=1 (full 0):
 PSYoungGen      total 18944K, used 2528K [0x00000000feb00000, 0x0000000100000000, 0x0000000100000000)
  eden space 16384K, 0% used [0x00000000feb00000,0x00000000feb00000,0x00000000ffb00000)
  from space 2560K, 98% used [0x00000000ffb00000,0x00000000ffd78040,0x00000000ffd80000)
  to   space 2560K, 0% used [0x00000000ffd80000,0x00000000ffd80000,0x0000000100000000)
 ParOldGen       total 44032K, used 1473K [0x00000000fc000000, 0x00000000feb00000, 0x00000000feb00000)
  object space 44032K, 3% used [0x00000000fc000000,0x00000000fc1705e0,0x00000000feb00000)
 Metaspace       used 6635K, capacity 6810K, committed 7040K, reserved 1056768K
  class space    used 773K, capacity 823K, committed 896K, reserved 1048576K
}
Event: 2.642 GC heap before
{Heap before GC invocations=2 (full 0):
 PSYoungGen      total 18944K, used 18912K [0x00000000feb00000, 0x0000000100000000, 0x0000000100000000)
  eden space 16384K, 100% used [0x00000000feb00000,0x00000000ffb00000,0x00000000ffb00000)
  from space 2560K, 98% used [0x00000000ffb00000,0x00000000ffd78040,0x00000000ffd80000)
  to   space 2560K, 0% used [0x00000000ffd80000,0x00000000ffd80000,0x0000000100000000)
 ParOldGen       total 44032K, used 1473K [0x00000000fc000000, 0x00000000feb00000, 0x00000000feb00000)
  object space 44032K, 3% used [0x00000000fc000000,0x00000000fc1705e0,0x00000000feb00000)
 Metaspace       used 7221K, capacity 7404K, committed 7552K, reserved 1056768K
  class space    used 842K, capacity 892K, committed 896K, reserved 1048576K
Event: 2.649 GC heap after
Heap after GC invocations=2 (full 0):
 PSYoungGen      total 18944K, used 2556K [0x00000000feb00000, 0x0000000100000000, 0x0000000100000000)
  eden space 16384K, 0% used [0x00000000feb00000,0x00000000feb00000,0x00000000ffb00000)
  from space 2560K, 99% used [0x00000000ffd80000,0x00000000fffff2f0,0x0000000100000000)
  to   space 2560K, 0% used [0x00000000ffb00000,0x00000000ffb00000,0x00000000ffd80000)
 ParOldGen       total 44032K, used 6015K [0x00000000fc000000, 0x00000000feb00000, 0x00000000feb00000)
  object space 44032K, 13% used [0x00000000fc000000,0x00000000fc5dff98,0x00000000feb00000)
 Metaspace       used 7221K, capacity 7404K, committed 7552K, reserved 1056768K
  class space    used 842K, capacity 892K, committed 896K, reserved 1048576K
}
Event: 6.063 GC heap before
{Heap before GC invocations=3 (full 0):
 PSYoungGen      total 18944K, used 18940K [0x00000000feb00000, 0x0000000100000000, 0x0000000100000000)
  eden space 16384K, 100% used [0x00000000feb00000,0x00000000ffb00000,0x00000000ffb00000)
  from space 2560K, 99% used [0x00000000ffd80000,0x00000000fffff2f0,0x0000000100000000)
  to   space 2560K, 0% used [0x00000000ffb00000,0x00000000ffb00000,0x00000000ffd80000)
 ParOldGen       total 44032K, used 6015K [0x00000000fc000000, 0x00000000feb00000, 0x00000000feb00000)
  object space 44032K, 13% used [0x00000000fc000000,0x00000000fc5dff98,0x00000000feb00000)
 Metaspace       used 7982K, capacity 8256K, committed 8576K, reserved 1056768K
  class space    used 898K, capacity 1032K, committed 1152K, reserved 1048576K
Event: 7.476 GC heap after
Heap after GC invocations=3 (full 0):
 PSYoungGen      total 18944K, used 2531K [0x00000000feb00000, 0x0000000100000000, 0x0000000100000000)
  eden space 16384K, 0% used [0x00000000feb00000,0x00000000feb00000,0x00000000ffb00000)
  from space 2560K, 98% used [0x00000000ffb00000,0x00000000ffd78eb0,0x00000000ffd80000)
  to   space 2560K, 0% used [0x00000000ffd80000,0x00000000ffd80000,0x0000000100000000)
 ParOldGen       total 44032K, used 7424K [0x00000000fc000000, 0x00000000feb00000, 0x00000000feb00000)
  object space 44032K, 16% used [0x00000000fc000000,0x00000000fc740110,0x00000000feb00000)
 Metaspace       used 7982K, capacity 8256K, committed 8576K, reserved 1056768K
  class space    used 898K, capacity 1032K, committed 1152K, reserved 1048576K
}

Deoptimization events (10 events):
Event: 2.871 Thread 0x0000000000f2d800 Uncommon trap: reason=unstable_if action=reinterpret pc=0x000000000345a61c method=org.objectweb.asm.ClassReader.readUTF8(I[C)Ljava/lang/String; @ 7
Event: 3.005 Thread 0x0000000000f2d800 Uncommon trap: reason=unstable_if action=reinterpret pc=0x00000000034a2fcc method=org.objectweb.asm.Item.a(Lorg/objectweb/asm/Item;)Z @ 345
Event: 5.810 Thread 0x0000000000f2d800 Uncommon trap: reason=unstable_if action=reinterpret pc=0x0000000003547a80 method=org.objectweb.asm.MethodWriter.visitVarInsn(II)V @ 136
Event: 5.810 Thread 0x0000000000f2d800 Uncommon trap: reason=unstable_if action=reinterpret pc=0x00000000034c9dfc method=org.objectweb.asm.MethodWriter.visitVarInsn(II)V @ 136
Event: 5.828 Thread 0x0000000000f2d800 Uncommon trap: reason=unstable_if action=reinterpret pc=0x000000000352c298 method=org.objectweb.asm.MethodWriter.visitLabel(Lorg/objectweb/asm/Label;)V @ 37
Event: 5.828 Thread 0x0000000000f2d800 Uncommon trap: reason=unstable_if action=reinterpret pc=0x0000000003529614 method=org.objectweb.asm.MethodWriter.visitLabel(Lorg/objectweb/asm/Label;)V @ 37
Event: 5.833 Thread 0x0000000000f2d800 Uncommon trap: reason=unstable_if action=reinterpret pc=0x00000000034d50b8 method=org.objectweb.asm.ClassReader.a(II[C)Ljava/lang/String; @ 77
Event: 5.834 Thread 0x0000000000f2d800 Uncommon trap: reason=unstable_if action=reinterpret pc=0x00000000034d64dc method=org.objectweb.asm.ByteVector.putUTF8(Ljava/lang/String;)Lorg/objectweb/asm/ByteVector; @ 98
Event: 5.834 Thread 0x0000000000f2d800 Uncommon trap: reason=unstable_if action=reinterpret pc=0x00000000034b6cb8 method=org.objectweb.asm.ClassReader.a(II[C)Ljava/lang/String; @ 77
Event: 5.834 Thread 0x0000000000f2d800 Uncommon trap: reason=unstable_if action=reinterpret pc=0x000000000345ebf8 method=org.objectweb.asm.ByteVector.putUTF8(Ljava/lang/String;)Lorg/objectweb/asm/ByteVector; @ 98

Classes redefined (0 events):
No events

Internal exceptions (10 events):
Event: 2.556 Thread 0x0000000000f2d800 Exception <a 'sun/nio/fs/WindowsException'> (0x00000000ffa621a0) thrown at [D:\src\AOSP-openjdk-cygwin\jdk8u\hotspot\src\share\vm\prims\jni.cpp, line 709]
Event: 2.557 Thread 0x0000000000f2d800 Exception <a 'sun/nio/fs/WindowsException'> (0x00000000ffa62710) thrown at [D:\src\AOSP-openjdk-cygwin\jdk8u\hotspot\src\share\vm\prims\jni.cpp, line 709]
Event: 2.733 Thread 0x0000000000f2d800 Exception <a 'sun/nio/fs/WindowsException'> (0x00000000febd1400) thrown at [D:\src\AOSP-openjdk-cygwin\jdk8u\hotspot\src\share\vm\prims\jni.cpp, line 709]
Event: 2.734 Thread 0x0000000000f2d800 Exception <a 'sun/nio/fs/WindowsException'> (0x00000000febd18f0) thrown at [D:\src\AOSP-openjdk-cygwin\jdk8u\hotspot\src\share\vm\prims\jni.cpp, line 709]
Event: 2.864 Thread 0x0000000000f2d800 Exception <a 'sun/nio/fs/WindowsException'> (0x00000000fed46820) thrown at [D:\src\AOSP-openjdk-cygwin\jdk8u\hotspot\src\share\vm\prims\jni.cpp, line 709]
Event: 2.864 Thread 0x0000000000f2d800 Exception <a 'sun/nio/fs/WindowsException'> (0x00000000fed46d10) thrown at [D:\src\AOSP-openjdk-cygwin\jdk8u\hotspot\src\share\vm\prims\jni.cpp, line 709]
Event: 3.102 Thread 0x0000000000f2d800 Exception <a 'sun/nio/fs/WindowsException'> (0x00000000ff2419e0) thrown at [D:\src\AOSP-openjdk-cygwin\jdk8u\hotspot\src\share\vm\prims\jni.cpp, line 709]
Event: 3.102 Thread 0x0000000000f2d800 Exception <a 'sun/nio/fs/WindowsException'> (0x00000000ff241ed0) thrown at [D:\src\AOSP-openjdk-cygwin\jdk8u\hotspot\src\share\vm\prims\jni.cpp, line 709]
Event: 5.545 Thread 0x0000000000f2d800 Exception <a 'sun/nio/fs/WindowsException'> (0x00000000ff51bcd0) thrown at [D:\src\AOSP-openjdk-cygwin\jdk8u\hotspot\src\share\vm\prims\jni.cpp, line 709]
Event: 5.545 Thread 0x0000000000f2d800 Exception <a 'sun/nio/fs/WindowsException'> (0x00000000ff51c1c0) thrown at [D:\src\AOSP-openjdk-cygwin\jdk8u\hotspot\src\share\vm\prims\jni.cpp, line 709]

Events (10 events):
Event: 5.834 Thread 0x0000000000f2d800 Uncommon trap: trap_request=0xffffff65 fr.pc=0x00000000034b6cb8
Event: 5.834 Thread 0x0000000000f2d800 DEOPT PACKING pc=0x00000000034b6cb8 sp=0x000000000158a890
Event: 5.834 Thread 0x0000000000f2d800 DEOPT UNPACKING pc=0x00000000031b557b sp=0x000000000158a840 mode 2
Event: 5.834 Thread 0x0000000000f2d800 Uncommon trap: trap_request=0xffffff65 fr.pc=0x000000000345ebf8
Event: 5.834 Thread 0x0000000000f2d800 DEOPT PACKING pc=0x000000000345ebf8 sp=0x000000000158a830
Event: 5.834 Thread 0x0000000000f2d800 DEOPT UNPACKING pc=0x00000000031b557b sp=0x000000000158a7c8 mode 2
Event: 6.063 Executing VM operation: ParallelGCFailedAllocation
Event: 7.476 Executing VM operation: ParallelGCFailedAllocation done
Event: 7.492 loading class java/lang/reflect/InvocationTargetException
Event: 7.492 loading class java/lang/reflect/InvocationTargetException done


Dynamic libraries:
0x00007ff79d4b0000 - 0x00007ff79d4e1000 	C:\Program Files\Android\Android Studio\jre\bin\java.exe
0x00007ffb0fc00000 - 0x00007ffb0fdd2000 	C:\Windows\SYSTEM32\ntdll.dll
0x00007ffb0d330000 - 0x00007ffb0d3dc000 	C:\Windows\System32\KERNEL32.DLL
0x00007ffb0c210000 - 0x00007ffb0c42d000 	C:\Windows\System32\KERNELBASE.dll
0x00007ffb0d5a0000 - 0x00007ffb0d642000 	C:\Windows\System32\ADVAPI32.dll
0x00007ffb0eec0000 - 0x00007ffb0ef5e000 	C:\Windows\System32\msvcrt.dll
0x00007ffb0f060000 - 0x00007ffb0f0b9000 	C:\Windows\System32\sechost.dll
0x00007ffb0d0a0000 - 0x00007ffb0d1c1000 	C:\Windows\System32\RPCRT4.dll
0x00007ffb0fa90000 - 0x00007ffb0fbf5000 	C:\Windows\System32\USER32.dll
0x00007ffb0cde0000 - 0x00007ffb0cdfe000 	C:\Windows\System32\win32u.dll
0x00007ffb0cff0000 - 0x00007ffb0d024000 	C:\Windows\System32\GDI32.dll
0x00007ffb0beb0000 - 0x00007ffb0c030000 	C:\Windows\System32\gdi32full.dll
0x00007ffb038f0000 - 0x00007ffb03b6a000 	C:\Windows\WinSxS\amd64_microsoft.windows.common-controls_6595b64144ccf1df_6.0.14393.953_none_42151e83c686086b\COMCTL32.dll
0x00007ffb0f4f0000 - 0x00007ffb0f7b8000 	C:\Windows\System32\combase.dll
0x00007ffb0c520000 - 0x00007ffb0c615000 	C:\Windows\System32\ucrtbase.dll
0x00007ffb0cf60000 - 0x00007ffb0cfca000 	C:\Windows\System32\bcryptPrimitives.dll
0x00007ffb0d8e0000 - 0x00007ffb0d90e000 	C:\Windows\System32\IMM32.DLL
0x0000000051e30000 - 0x0000000051f02000 	C:\Program Files\Android\Android Studio\jre\jre\bin\msvcr100.dll
0x0000000051ff0000 - 0x000000005282f000 	C:\Program Files\Android\Android Studio\jre\jre\bin\server\jvm.dll
0x00007ffb0cd50000 - 0x00007ffb0cd73000 	C:\Windows\System32\WINMM.dll
0x00007ffb0be60000 - 0x00007ffb0be8b000 	C:\Windows\System32\WINMMBASE.dll
0x00007ffb0c620000 - 0x00007ffb0c662000 	C:\Windows\System32\cfgmgr32.dll
0x00007ffb01a20000 - 0x00007ffb01a29000 	C:\Windows\SYSTEM32\WSOCK32.dll
0x00007ffb0d590000 - 0x00007ffb0d598000 	C:\Windows\System32\PSAPI.DLL
0x00007ffb082d0000 - 0x00007ffb082da000 	C:\Windows\SYSTEM32\VERSION.dll
0x00007ffb0d030000 - 0x00007ffb0d09a000 	C:\Windows\System32\WS2_32.dll
0x00007ffb01a10000 - 0x00007ffb01a1f000 	C:\Program Files\Android\Android Studio\jre\jre\bin\verify.dll
0x00007ffb019e0000 - 0x00007ffb01a09000 	C:\Program Files\Android\Android Studio\jre\jre\bin\java.dll
0x00007ffb019c0000 - 0x00007ffb019d6000 	C:\Program Files\Android\Android Studio\jre\jre\bin\zip.dll
0x00007ffb0d910000 - 0x00007ffb0ee18000 	C:\Windows\System32\SHELL32.dll
0x00007ffb0c670000 - 0x00007ffb0cd4a000 	C:\Windows\System32\windows.storage.dll
0x00007ffb0c4d0000 - 0x00007ffb0c51c000 	C:\Windows\System32\powrprof.dll
0x00007ffb0d750000 - 0x00007ffb0d7a2000 	C:\Windows\System32\shlwapi.dll
0x00007ffb0be50000 - 0x00007ffb0be5f000 	C:\Windows\System32\kernel.appcore.dll
0x00007ffb0ce00000 - 0x00007ffb0cea9000 	C:\Windows\System32\shcore.dll
0x00007ffb0be90000 - 0x00007ffb0bea4000 	C:\Windows\System32\profapi.dll
0x00007ffb0b8e0000 - 0x00007ffb0b8f7000 	C:\Windows\SYSTEM32\CRYPTSP.dll
0x00007ffb0b340000 - 0x00007ffb0b373000 	C:\Windows\system32\rsaenh.dll
0x00007ffb0b9f0000 - 0x00007ffb0ba1b000 	C:\Windows\SYSTEM32\bcrypt.dll
0x00007ffb0b5c0000 - 0x00007ffb0b5df000 	C:\Windows\SYSTEM32\USERENV.dll
0x00007ffb0b900000 - 0x00007ffb0b90b000 	C:\Windows\SYSTEM32\CRYPTBASE.dll
0x00007ffb019a0000 - 0x00007ffb019ba000 	C:\Program Files\Android\Android Studio\jre\jre\bin\net.dll
0x00007ffb0b740000 - 0x00007ffb0b79c000 	C:\Windows\system32\mswsock.dll
0x00007ffb0b4c0000 - 0x00007ffb0b4f8000 	C:\Windows\SYSTEM32\IPHLPAPI.DLL
0x00007ffb0d7b0000 - 0x00007ffb0d7b8000 	C:\Windows\System32\NSI.dll
0x00007ffb047f0000 - 0x00007ffb04806000 	C:\Windows\SYSTEM32\dhcpcsvc6.DLL
0x00007ffb076d0000 - 0x00007ffb076ea000 	C:\Windows\SYSTEM32\dhcpcsvc.DLL
0x00007ffb01980000 - 0x00007ffb01991000 	C:\Program Files\Android\Android Studio\jre\jre\bin\nio.dll

VM Arguments:
jvm_args: -Djava.awt.headless=true -Xmx64M -Dfile.encoding=GBK -Duser.country=CN -Duser.language=zh -Duser.variant 
java_command: com.google.devtools.build.android.desugar.Desugar @D:\android\GirlEC\yanbin\build\intermediates\tmp\desugar_args7022622731634943190
java_class_path (initial): C:\Users\Administrator\AppData\Local\Temp\desugar_deploy.jar6385817802975140072
Launcher Type: SUN_STANDARD

Environment Variables:
PATH=C:\Program Files\Docker\Docker\Resources\bin;C:\ProgramData\Oracle\Java\javapath;C:\Windows\system32;C:\Windows;C:\Windows\System32\Wbem;C:\Windows\System32\WindowsPowerShell\v1.0\;C:\Users\Administrator\AppData\Local\Microsoft\WindowsApps;
USERNAME=Administrator
OS=Windows_NT
PROCESSOR_IDENTIFIER=Intel64 Family 6 Model 44 Stepping 2, GenuineIntel



---------------  S Y S T E M  ---------------

OS: Windows 10.0 , 64 bit Build 14393 (10.0.14393.1198)

CPU:total 8 (initial active 8) (4 cores per cpu, 2 threads per core) family 6 model 44 stepping 2, cmov, cx8, fxsr, mmx, sse, sse2, sse3, ssse3, sse4.1, sse4.2, popcnt, aes, clmul, ht, tsc, tscinvbit, tscinv

Memory: 4k page, physical 8379632k(283404k free), swap 16768240k(3172k free)

vm_info: OpenJDK 64-Bit Server VM (25.152-b02) for windows-amd64 JRE (1.8.0_152-release-1024-b02), built by "builder" with MS VC++ 10.0 (VS2010)

time: Sun Jun 03 19:05:22 2018
elapsed time: 7 seconds (0d 0h 0m 7s)

