#
# There is insufficient memory for the Java Runtime Environment to continue.
# Native memory allocation (malloc) failed to allocate 2556176 bytes for Chunk::new
# Possible reasons:
#   The system is out of physical RAM or swap space
#   In 32 bit mode, the process size limit was hit
# Possible solutions:
#   Reduce memory load on the system
#   Increase physical memory or swap space
#   Check if swap backing store is full
#   Use 64 bit Java on a 64 bit OS
#   Decrease Java heap size (-Xmx/-Xms)
#   Decrease number of Java threads
#   Decrease Java thread stack sizes (-Xss)
#   Set larger code cache with -XX:ReservedCodeCacheSize=
# This output file may be truncated or incomplete.
#
#  Out of Memory Error (allocation.cpp:390), pid=76588, tid=0x0000000000013520
#
# JRE version: OpenJDK Runtime Environment (8.0_152-b02) (build 1.8.0_152-release-1024-b02)
# Java VM: OpenJDK 64-Bit Server VM (25.152-b02 mixed mode windows-amd64 compressed oops)
# Failed to write core dump. Minidumps are not enabled by default on client versions of Windows
#

---------------  T H R E A D  ---------------

Current thread (0x0000000014f8f800):  JavaThread "C2 CompilerThread0" daemon [_thread_in_native, id=79136, stack(0x0000000015660000,0x0000000015760000)]

Stack: [0x0000000015660000,0x0000000015760000]
[error occurred during error reporting (printing stack bounds), id 0xc0000005]

Native frames: (J=compiled Java code, j=interpreted, Vv=VM code, C=native code)


Current CompileTask:
C2:   7576 1125       4       org.objectweb.asm.ClassReader::a (3587 bytes)


---------------  P R O C E S S  ---------------

Java Threads: ( => current thread )
  0x0000000014ff7000 JavaThread "Service Thread" daemon [_thread_blocked, id=79224, stack(0x0000000015a60000,0x0000000015b60000)]
  0x0000000014f96800 JavaThread "C1 CompilerThread3" daemon [_thread_blocked, id=79180, stack(0x0000000015960000,0x0000000015a60000)]
  0x0000000014f91800 JavaThread "C2 CompilerThread2" daemon [_thread_blocked, id=79172, stack(0x0000000015860000,0x0000000015960000)]
  0x000000001303b000 JavaThread "C2 CompilerThread1" daemon [_thread_blocked, id=79156, stack(0x0000000015760000,0x0000000015860000)]
=>0x0000000014f8f800 JavaThread "C2 CompilerThread0" daemon [_thread_in_native, id=79136, stack(0x0000000015660000,0x0000000015760000)]
  0x0000000014f8e000 JavaThread "Attach Listener" daemon [_thread_blocked, id=79132, stack(0x0000000015560000,0x0000000015660000)]
  0x0000000014f3b800 JavaThread "Signal Dispatcher" daemon [_thread_blocked, id=79128, stack(0x0000000015460000,0x0000000015560000)]
  0x000000000287e000 JavaThread "Finalizer" daemon [_thread_blocked, id=79028, stack(0x0000000015300000,0x0000000015400000)]
  0x000000001302b000 JavaThread "Reference Handler" daemon [_thread_blocked, id=79004, stack(0x0000000014e00000,0x0000000014f00000)]
  0x0000000000b6d800 JavaThread "main" [_thread_blocked, id=76260, stack(0x00000000022e0000,0x00000000023e0000)]

Other Threads:
  0x0000000013025000 VMThread [stack: 0x0000000014d00000,0x0000000014e00000] [id=78976]
  0x0000000014ffc000 WatcherThread [stack: 0x0000000015b60000,0x0000000015c60000] [id=79228]

VM state:at safepoint (normal execution)

VM Mutex/Monitor currently owned by a thread:  ([mutex/lock_event])
[0x0000000000b6d390] Threads_lock - owner thread: 0x0000000013025000
[0x0000000000b6cd90] Heap_lock - owner thread: 0x0000000000b6d800

Heap:
 PSYoungGen      total 18944K, used 18940K [0x00000000feb00000, 0x0000000100000000, 0x0000000100000000)
  eden space 16384K, 100% used [0x00000000feb00000,0x00000000ffb00000,0x00000000ffb00000)
  from space 2560K, 99% used [0x00000000ffb00000,0x00000000ffd7f2e0,0x00000000ffd80000)
  to   space 2560K, 18% used [0x00000000ffd80000,0x00000000ffdf67e0,0x0000000100000000)
 ParOldGen       total 44032K, used 6455K [0x00000000fc000000, 0x00000000feb00000, 0x00000000feb00000)
  object space 44032K, 14% used [0x00000000fc000000,0x00000000fc64dcf8,0x00000000feb00000)
 Metaspace       used 7768K, capacity 7980K, committed 8192K, reserved 1056768K
  class space    used 875K, capacity 956K, committed 1024K, reserved 1048576K

Card table byte_map: [0x0000000000b20000,0x0000000000b50000] byte_map_base: 0x0000000000340000

Marking Bits: (ParMarkBitMap*) 0x00000000527b4970
 Begin Bits: [0x0000000012440000, 0x0000000012540000)
 End Bits:   [0x0000000012540000, 0x0000000012640000)

Polling page: 0x0000000000af0000

CodeCache: size=245760Kb used=5068Kb max_used=5087Kb free=240691Kb
 bounds [0x0000000002880000, 0x0000000002d80000, 0x0000000011880000]
 total_blobs=1486 nmethods=1152 adapters=248
 compilation: enabled

Compilation events (10 events):
Event: 7.506 Thread 0x0000000014f96800 nmethod 1150 0x0000000002d61410 code [0x0000000002d61560, 0x0000000002d61670]
Event: 7.511 Thread 0x0000000014f91800 1151       4       org.objectweb.asm.ClassReader::a (133 bytes)
Event: 7.519 Thread 0x0000000014f96800 1153       3       java.nio.Buffer::flip (20 bytes)
Event: 7.519 Thread 0x0000000014f96800 nmethod 1153 0x0000000002d732d0 code [0x0000000002d73420, 0x0000000002d73590]
Event: 7.520 Thread 0x0000000014f91800 nmethod 1151 0x0000000002d73610 code [0x0000000002d73760, 0x0000000002d73bd8]
Event: 7.520 Thread 0x0000000014f91800 1152       4       org.objectweb.asm.ClassReader::a (500 bytes)
Event: 7.549 Thread 0x000000001303b000 nmethod 1128 0x0000000002d77f10 code [0x0000000002d78240, 0x0000000002d7aa00]
Event: 7.549 Thread 0x000000001303b000 1154       4       org.objectweb.asm.MethodVisitor::visitJumpInsn (17 bytes)
Event: 7.556 Thread 0x000000001303b000 nmethod 1154 0x0000000002d777d0 code [0x0000000002d77940, 0x0000000002d77c68]
Event: 7.556 Thread 0x000000001303b000 1155       4       org.objectweb.asm.ClassReader::a (162 bytes)

GC Heap History (7 events):
Event: 1.714 GC heap before
{Heap before GC invocations=1 (full 0):
 PSYoungGen      total 18944K, used 16384K [0x00000000feb00000, 0x0000000100000000, 0x0000000100000000)
  eden space 16384K, 100% used [0x00000000feb00000,0x00000000ffb00000,0x00000000ffb00000)
  from space 2560K, 0% used [0x00000000ffd80000,0x00000000ffd80000,0x0000000100000000)
  to   space 2560K, 0% used [0x00000000ffb00000,0x00000000ffb00000,0x00000000ffd80000)
 ParOldGen       total 44032K, used 0K [0x00000000fc000000, 0x00000000feb00000, 0x00000000feb00000)
  object space 44032K, 0% used [0x00000000fc000000,0x00000000fc000000,0x00000000feb00000)
 Metaspace       used 6620K, capacity 6746K, committed 7040K, reserved 1056768K
  class space    used 773K, capacity 823K, committed 896K, reserved 1048576K
Event: 1.774 GC heap after
Heap after GC invocations=1 (full 0):
 PSYoungGen      total 18944K, used 2552K [0x00000000feb00000, 0x0000000100000000, 0x0000000100000000)
  eden space 16384K, 0% used [0x00000000feb00000,0x00000000feb00000,0x00000000ffb00000)
  from space 2560K, 99% used [0x00000000ffb00000,0x00000000ffd7e020,0x00000000ffd80000)
  to   space 2560K, 0% used [0x00000000ffd80000,0x00000000ffd80000,0x0000000100000000)
 ParOldGen       total 44032K, used 1339K [0x00000000fc000000, 0x00000000feb00000, 0x00000000feb00000)
  object space 44032K, 3% used [0x00000000fc000000,0x00000000fc14eff0,0x00000000feb00000)
 Metaspace       used 6620K, capacity 6746K, committed 7040K, reserved 1056768K
  class space    used 773K, capacity 823K, committed 896K, reserved 1048576K
}
Event: 2.606 GC heap before
{Heap before GC invocations=2 (full 0):
 PSYoungGen      total 18944K, used 18936K [0x00000000feb00000, 0x0000000100000000, 0x0000000100000000)
  eden space 16384K, 100% used [0x00000000feb00000,0x00000000ffb00000,0x00000000ffb00000)
  from space 2560K, 99% used [0x00000000ffb00000,0x00000000ffd7e020,0x00000000ffd80000)
  to   space 2560K, 0% used [0x00000000ffd80000,0x00000000ffd80000,0x0000000100000000)
 ParOldGen       total 44032K, used 1339K [0x00000000fc000000, 0x00000000feb00000, 0x00000000feb00000)
  object space 44032K, 3% used [0x00000000fc000000,0x00000000fc14eff0,0x00000000feb00000)
 Metaspace       used 7185K, capacity 7340K, committed 7552K, reserved 1056768K
  class space    used 840K, capacity 892K, committed 896K, reserved 1048576K
Event: 2.615 GC heap after
Heap after GC invocations=2 (full 0):
 PSYoungGen      total 18944K, used 2540K [0x00000000feb00000, 0x0000000100000000, 0x0000000100000000)
  eden space 16384K, 0% used [0x00000000feb00000,0x00000000feb00000,0x00000000ffb00000)
  from space 2560K, 99% used [0x00000000ffd80000,0x00000000ffffb310,0x0000000100000000)
  to   space 2560K, 0% used [0x00000000ffb00000,0x00000000ffb00000,0x00000000ffd80000)
 ParOldGen       total 44032K, used 6054K [0x00000000fc000000, 0x00000000feb00000, 0x00000000feb00000)
  object space 44032K, 13% used [0x00000000fc000000,0x00000000fc5e9890,0x00000000feb00000)
 Metaspace       used 7185K, capacity 7340K, committed 7552K, reserved 1056768K
  class space    used 840K, capacity 892K, committed 896K, reserved 1048576K
}
Event: 4.048 GC heap before
{Heap before GC invocations=3 (full 0):
 PSYoungGen      total 18944K, used 18924K [0x00000000feb00000, 0x0000000100000000, 0x0000000100000000)
  eden space 16384K, 100% used [0x00000000feb00000,0x00000000ffb00000,0x00000000ffb00000)
  from space 2560K, 99% used [0x00000000ffd80000,0x00000000ffffb310,0x0000000100000000)
  to   space 2560K, 0% used [0x00000000ffb00000,0x00000000ffb00000,0x00000000ffd80000)
 ParOldGen       total 44032K, used 6054K [0x00000000fc000000, 0x00000000feb00000, 0x00000000feb00000)
  object space 44032K, 13% used [0x00000000fc000000,0x00000000fc5e9890,0x00000000feb00000)
 Metaspace       used 7699K, capacity 7852K, committed 7936K, reserved 1056768K
  class space    used 874K, capacity 956K, committed 1024K, reserved 1048576K
Event: 5.596 GC heap after
Heap after GC invocations=3 (full 0):
 PSYoungGen      total 18944K, used 2556K [0x00000000feb00000, 0x0000000100000000, 0x0000000100000000)
  eden space 16384K, 0% used [0x00000000feb00000,0x00000000feb00000,0x00000000ffb00000)
  from space 2560K, 99% used [0x00000000ffb00000,0x00000000ffd7f2e0,0x00000000ffd80000)
  to   space 2560K, 0% used [0x00000000ffd80000,0x00000000ffd80000,0x0000000100000000)
 ParOldGen       total 44032K, used 6455K [0x00000000fc000000, 0x00000000feb00000, 0x00000000feb00000)
  object space 44032K, 14% used [0x00000000fc000000,0x00000000fc64dcf8,0x00000000feb00000)
 Metaspace       used 7699K, capacity 7852K, committed 7936K, reserved 1056768K
  class space    used 874K, capacity 956K, committed 1024K, reserved 1048576K
}
Event: 7.565 GC heap before
{Heap before GC invocations=4 (full 0):
 PSYoungGen      total 18944K, used 18940K [0x00000000feb00000, 0x0000000100000000, 0x0000000100000000)
  eden space 16384K, 100% used [0x00000000feb00000,0x00000000ffb00000,0x00000000ffb00000)
  from space 2560K, 99% used [0x00000000ffb00000,0x00000000ffd7f2e0,0x00000000ffd80000)
  to   space 2560K, 0% used [0x00000000ffd80000,0x00000000ffd80000,0x0000000100000000)
 ParOldGen       total 44032K, used 6455K [0x00000000fc000000, 0x00000000feb00000, 0x00000000feb00000)
  object space 44032K, 14% used [0x00000000fc000000,0x00000000fc64dcf8,0x00000000feb00000)
 Metaspace       used 7768K, capacity 7980K, committed 8192K, reserved 1056768K
  class space    used 875K, capacity 956K, committed 1024K, reserved 1048576K

Deoptimization events (10 events):
Event: 2.582 Thread 0x0000000000b6d800 Uncommon trap: reason=unstable_if action=reinterpret pc=0x0000000002a1836c method=java.lang.String.<init>([CII)V @ 18
Event: 3.249 Thread 0x0000000000b6d800 Uncommon trap: reason=unstable_if action=reinterpret pc=0x0000000002b72b38 method=org.objectweb.asm.ClassReader.a(II[C)Ljava/lang/String; @ 77
Event: 3.249 Thread 0x0000000000b6d800 Uncommon trap: reason=unstable_if action=reinterpret pc=0x0000000002b73a68 method=org.objectweb.asm.ClassReader.a(II[C)Ljava/lang/String; @ 77
Event: 3.260 Thread 0x0000000000b6d800 Uncommon trap: reason=unstable_if action=reinterpret pc=0x0000000002bd040c method=org.objectweb.asm.ByteVector.putUTF8(Ljava/lang/String;)Lorg/objectweb/asm/ByteVector; @ 98
Event: 3.261 Thread 0x0000000000b6d800 Uncommon trap: reason=unstable_if action=reinterpret pc=0x0000000002b704b8 method=org.objectweb.asm.ByteVector.putUTF8(Ljava/lang/String;)Lorg/objectweb/asm/ByteVector; @ 98
Event: 3.589 Thread 0x0000000000b6d800 Uncommon trap: reason=unstable_if action=reinterpret pc=0x0000000002c14ea8 method=java.io.BufferedOutputStream.write(I)V @ 9
Event: 3.914 Thread 0x0000000000b6d800 Uncommon trap: reason=null_check action=make_not_entrant pc=0x0000000002c5771c method=com.google.devtools.build.android.desugar.InterfaceDesugaring$InterfaceInvocationRewriter.visitMethodInsn(ILjava/lang/String;Ljava/lang/String;Ljava/lang/String;Z)V @ 10
Event: 5.886 Thread 0x0000000000b6d800 Uncommon trap: reason=unloaded action=reinterpret pc=0x0000000002c8681c method=org.objectweb.asm.ClassReader.readConst(I[C)Ljava/lang/Object; @ 107
Event: 7.452 Thread 0x0000000000b6d800 Uncommon trap: reason=unstable_if action=reinterpret pc=0x0000000002c5dfdc method=org.objectweb.asm.MethodWriter.visitFieldInsn(ILjava/lang/String;Ljava/lang/String;Ljava/lang/String;)V @ 200
Event: 7.564 Thread 0x0000000000b6d800 Uncommon trap: reason=unstable_if action=reinterpret pc=0x0000000002cfa8fc method=org.objectweb.asm.MethodWriter.visitFieldInsn(ILjava/lang/String;Ljava/lang/String;Ljava/lang/String;)V @ 141

Classes redefined (0 events):
No events

Internal exceptions (10 events):
Event: 2.163 Thread 0x0000000000b6d800 Exception <a 'sun/nio/fs/WindowsException'> (0x00000000ff2b0320) thrown at [D:\src\AOSP-openjdk-cygwin\jdk8u\hotspot\src\share\vm\prims\jni.cpp, line 709]
Event: 2.163 Thread 0x0000000000b6d800 Exception <a 'sun/nio/fs/WindowsException'> (0x00000000ff2b0b10) thrown at [D:\src\AOSP-openjdk-cygwin\jdk8u\hotspot\src\share\vm\prims\jni.cpp, line 709]
Event: 2.163 Thread 0x0000000000b6d800 Exception <a 'sun/nio/fs/WindowsException'> (0x00000000ff2b1110) thrown at [D:\src\AOSP-openjdk-cygwin\jdk8u\hotspot\src\share\vm\prims\jni.cpp, line 709]
Event: 2.163 Thread 0x0000000000b6d800 Exception <a 'sun/nio/fs/WindowsException'> (0x00000000ff2b18e0) thrown at [D:\src\AOSP-openjdk-cygwin\jdk8u\hotspot\src\share\vm\prims\jni.cpp, line 709]
Event: 2.176 Thread 0x0000000000b6d800 Exception <a 'sun/nio/fs/WindowsException'> (0x00000000ff2b6e88) thrown at [D:\src\AOSP-openjdk-cygwin\jdk8u\hotspot\src\share\vm\prims\jni.cpp, line 709]
Event: 2.557 Thread 0x0000000000b6d800 Exception <a 'sun/nio/fs/WindowsException'> (0x00000000ffa63e08) thrown at [D:\src\AOSP-openjdk-cygwin\jdk8u\hotspot\src\share\vm\prims\jni.cpp, line 709]
Event: 2.558 Thread 0x0000000000b6d800 Exception <a 'sun/nio/fs/WindowsException'> (0x00000000ffa64378) thrown at [D:\src\AOSP-openjdk-cygwin\jdk8u\hotspot\src\share\vm\prims\jni.cpp, line 709]
Event: 2.728 Thread 0x0000000000b6d800 Exception <a 'sun/nio/fs/WindowsException'> (0x00000000fec5d9c8) thrown at [D:\src\AOSP-openjdk-cygwin\jdk8u\hotspot\src\share\vm\prims\jni.cpp, line 709]
Event: 2.728 Thread 0x0000000000b6d800 Exception <a 'sun/nio/fs/WindowsException'> (0x00000000fec5deb8) thrown at [D:\src\AOSP-openjdk-cygwin\jdk8u\hotspot\src\share\vm\prims\jni.cpp, line 709]
Event: 3.913 Thread 0x0000000000b6d800 Implicit null exception at 0x0000000002c54cbd to 0x0000000002c576f9

Events (10 events):
Event: 6.075 Thread 0x0000000000b6d800 DEOPT UNPACKING pc=0x00000000028c71d0 sp=0x00000000023de6a0 mode 0
Event: 7.452 Thread 0x0000000000b6d800 Uncommon trap: trap_request=0xffffff65 fr.pc=0x0000000002c5dfdc
Event: 7.452 Thread 0x0000000000b6d800 DEOPT PACKING pc=0x0000000002c5dfdc sp=0x00000000023de750
Event: 7.452 Thread 0x0000000000b6d800 DEOPT UNPACKING pc=0x00000000028c557b sp=0x00000000023de6a0 mode 2
Event: 7.484 Thread 0x0000000000b6d800 DEOPT PACKING pc=0x0000000002c0f737 sp=0x00000000023dee00
Event: 7.484 Thread 0x0000000000b6d800 DEOPT UNPACKING pc=0x00000000028c71d0 sp=0x00000000023deb18 mode 0
Event: 7.564 Thread 0x0000000000b6d800 Uncommon trap: trap_request=0xffffff65 fr.pc=0x0000000002cfa8fc
Event: 7.564 Thread 0x0000000000b6d800 DEOPT PACKING pc=0x0000000002cfa8fc sp=0x00000000023de700
Event: 7.564 Thread 0x0000000000b6d800 DEOPT UNPACKING pc=0x00000000028c557b sp=0x00000000023de668 mode 2
Event: 7.565 Executing VM operation: ParallelGCFailedAllocation


Dynamic libraries:
0x00007ff79d4b0000 - 0x00007ff79d4e1000 	C:\Program Files\Android\Android Studio\jre\bin\java.exe
0x00007ffb0fc00000 - 0x00007ffb0fdd2000 	C:\Windows\SYSTEM32\ntdll.dll
0x00007ffb0d330000 - 0x00007ffb0d3dc000 	C:\Windows\System32\KERNEL32.DLL
0x00007ffb0c210000 - 0x00007ffb0c42d000 	C:\Windows\System32\KERNELBASE.dll
0x00007ffb0d5a0000 - 0x00007ffb0d642000 	C:\Windows\System32\ADVAPI32.dll
0x00007ffb0eec0000 - 0x00007ffb0ef5e000 	C:\Windows\System32\msvcrt.dll
0x00007ffb0f060000 - 0x00007ffb0f0b9000 	C:\Windows\System32\sechost.dll
0x00007ffb0d0a0000 - 0x00007ffb0d1c1000 	C:\Windows\System32\RPCRT4.dll
0x00007ffb0fa90000 - 0x00007ffb0fbf5000 	C:\Windows\System32\USER32.dll
0x00007ffb0cde0000 - 0x00007ffb0cdfe000 	C:\Windows\System32\win32u.dll
0x00007ffb0cff0000 - 0x00007ffb0d024000 	C:\Windows\System32\GDI32.dll
0x00007ffb0beb0000 - 0x00007ffb0c030000 	C:\Windows\System32\gdi32full.dll
0x00007ffb038f0000 - 0x00007ffb03b6a000 	C:\Windows\WinSxS\amd64_microsoft.windows.common-controls_6595b64144ccf1df_6.0.14393.953_none_42151e83c686086b\COMCTL32.dll
0x00007ffb0f4f0000 - 0x00007ffb0f7b8000 	C:\Windows\System32\combase.dll
0x00007ffb0c520000 - 0x00007ffb0c615000 	C:\Windows\System32\ucrtbase.dll
0x00007ffb0cf60000 - 0x00007ffb0cfca000 	C:\Windows\System32\bcryptPrimitives.dll
0x00007ffb0d8e0000 - 0x00007ffb0d90e000 	C:\Windows\System32\IMM32.DLL
0x0000000051e30000 - 0x0000000051f02000 	C:\Program Files\Android\Android Studio\jre\jre\bin\msvcr100.dll
0x0000000051ff0000 - 0x000000005282f000 	C:\Program Files\Android\Android Studio\jre\jre\bin\server\jvm.dll
0x00007ffb0cd50000 - 0x00007ffb0cd73000 	C:\Windows\System32\WINMM.dll
0x00007ffb0be60000 - 0x00007ffb0be8b000 	C:\Windows\System32\WINMMBASE.dll
0x00007ffb0c620000 - 0x00007ffb0c662000 	C:\Windows\System32\cfgmgr32.dll
0x00007ffb0d590000 - 0x00007ffb0d598000 	C:\Windows\System32\PSAPI.DLL
0x00007ffb01a20000 - 0x00007ffb01a29000 	C:\Windows\SYSTEM32\WSOCK32.dll
0x00007ffb0d030000 - 0x00007ffb0d09a000 	C:\Windows\System32\WS2_32.dll
0x00007ffb082d0000 - 0x00007ffb082da000 	C:\Windows\SYSTEM32\VERSION.dll
0x00007ffb01a10000 - 0x00007ffb01a1f000 	C:\Program Files\Android\Android Studio\jre\jre\bin\verify.dll
0x00007ffb019e0000 - 0x00007ffb01a09000 	C:\Program Files\Android\Android Studio\jre\jre\bin\java.dll
0x00007ffb019c0000 - 0x00007ffb019d6000 	C:\Program Files\Android\Android Studio\jre\jre\bin\zip.dll
0x00007ffb0d910000 - 0x00007ffb0ee18000 	C:\Windows\System32\SHELL32.dll
0x00007ffb0c670000 - 0x00007ffb0cd4a000 	C:\Windows\System32\windows.storage.dll
0x00007ffb0c4d0000 - 0x00007ffb0c51c000 	C:\Windows\System32\powrprof.dll
0x00007ffb0d750000 - 0x00007ffb0d7a2000 	C:\Windows\System32\shlwapi.dll
0x00007ffb0be50000 - 0x00007ffb0be5f000 	C:\Windows\System32\kernel.appcore.dll
0x00007ffb0ce00000 - 0x00007ffb0cea9000 	C:\Windows\System32\shcore.dll
0x00007ffb0be90000 - 0x00007ffb0bea4000 	C:\Windows\System32\profapi.dll
0x00007ffb0b8e0000 - 0x00007ffb0b8f7000 	C:\Windows\SYSTEM32\CRYPTSP.dll
0x00007ffb0b340000 - 0x00007ffb0b373000 	C:\Windows\system32\rsaenh.dll
0x00007ffb0b9f0000 - 0x00007ffb0ba1b000 	C:\Windows\SYSTEM32\bcrypt.dll
0x00007ffb0b5c0000 - 0x00007ffb0b5df000 	C:\Windows\SYSTEM32\USERENV.dll
0x00007ffb0b900000 - 0x00007ffb0b90b000 	C:\Windows\SYSTEM32\CRYPTBASE.dll
0x00007ffb019a0000 - 0x00007ffb019ba000 	C:\Program Files\Android\Android Studio\jre\jre\bin\net.dll
0x00007ffb0b740000 - 0x00007ffb0b79c000 	C:\Windows\system32\mswsock.dll
0x00007ffb0b4c0000 - 0x00007ffb0b4f8000 	C:\Windows\SYSTEM32\IPHLPAPI.DLL
0x00007ffb0d7b0000 - 0x00007ffb0d7b8000 	C:\Windows\System32\NSI.dll
0x00007ffb047f0000 - 0x00007ffb04806000 	C:\Windows\SYSTEM32\dhcpcsvc6.DLL
0x00007ffb076d0000 - 0x00007ffb076ea000 	C:\Windows\SYSTEM32\dhcpcsvc.DLL
0x00007ffb01980000 - 0x00007ffb01991000 	C:\Program Files\Android\Android Studio\jre\jre\bin\nio.dll

VM Arguments:
jvm_args: -Djava.awt.headless=true -Xmx64M -Dfile.encoding=GBK -Duser.country=CN -Duser.language=zh -Duser.variant 
java_command: com.google.devtools.build.android.desugar.Desugar @D:\android\GirlEC\yanbin\build\intermediates\tmp\desugar_args1170398003529060990
java_class_path (initial): C:\Users\Administrator\AppData\Local\Temp\desugar_deploy.jar6385817802975140072
Launcher Type: SUN_STANDARD

Environment Variables:
PATH=C:\Program Files\Docker\Docker\Resources\bin;C:\ProgramData\Oracle\Java\javapath;C:\Windows\system32;C:\Windows;C:\Windows\System32\Wbem;C:\Windows\System32\WindowsPowerShell\v1.0\;C:\Users\Administrator\AppData\Local\Microsoft\WindowsApps;
USERNAME=Administrator
OS=Windows_NT
PROCESSOR_IDENTIFIER=Intel64 Family 6 Model 44 Stepping 2, GenuineIntel



---------------  S Y S T E M  ---------------

OS: Windows 10.0 , 64 bit Build 14393 (10.0.14393.1198)

CPU:total 8 (initial active 8) (4 cores per cpu, 2 threads per core) family 6 model 44 stepping 2, cmov, cx8, fxsr, mmx, sse, sse2, sse3, ssse3, sse4.1, sse4.2, popcnt, aes, clmul, ht, tsc, tscinvbit, tscinv

Memory: 4k page, physical 8379632k(282072k free), swap 16768240k(4656k free)

vm_info: OpenJDK 64-Bit Server VM (25.152-b02) for windows-amd64 JRE (1.8.0_152-release-1024-b02), built by "builder" with MS VC++ 10.0 (VS2010)

time: Sun Jun 03 19:05:22 2018
elapsed time: 7 seconds (0d 0h 0m 7s)

